0 info it worked if it ends with ok
1 verbose cli [ '/Users/greygrissom/.nodenv/versions/4.6.0/bin/node',
1 verbose cli   '/Users/greygrissom/.nodenv/versions/4.6.0/bin/npm',
1 verbose cli   'search',
1 verbose cli   'curry' ]
2 info using npm@3.10.9
3 info using node@v4.6.0
4 silly mapToRegistry name -/all
5 silly mapToRegistry using default registry
6 silly mapToRegistry registry https://registry.npmjs.org/
7 silly mapToRegistry data Result {
7 silly mapToRegistry   raw: '-/all',
7 silly mapToRegistry   scope: null,
7 silly mapToRegistry   escapedName: null,
7 silly mapToRegistry   name: null,
7 silly mapToRegistry   rawSpec: '-/all',
7 silly mapToRegistry   spec: '-/all',
7 silly mapToRegistry   type: 'local' }
8 silly mapToRegistry uri https://registry.npmjs.org/-/all
9 info updateIndex /Users/greygrissom/.npm/registry.npmjs.org/-/all/.cache.json
10 verbose correctMkdir /Users/greygrissom/.npm correctMkdir not in flight; initializing
11 verbose updateIndex Cached search data present with timestamp 1478180631000
12 silly update-index fetching https://registry.npmjs.org/-/all/since?stale=update_after&startkey=1478180631000
13 verbose request uri https://registry.npmjs.org/-/all/since?stale=update_after&startkey=1478180631000
14 verbose request no auth needed
15 info attempt registry request try #1 at 3:39:30 PM
16 verbose request id 7f8ee7db13eff62c
17 http request GET https://registry.npmjs.org/-/all/since?stale=update_after&startkey=1478180631000
18 http 200 https://registry.npmjs.org/-/all/since?stale=update_after&startkey=1478180631000
19 verbose headers { server: 'nginx/1.4.6 (Ubuntu)',
19 verbose headers   'content-type': 'text/plain',
19 verbose headers   'last-modified': 'Fri, 09 Dec 2016 14:15:09 GMT',
19 verbose headers   etag: '"584abc6d-34f0e86"',
19 verbose headers   expires: 'Thu, 29 Dec 2016 00:39:34 GMT',
19 verbose headers   'access-control-allow-origin': '*',
19 verbose headers   'access-control-allow-methods': 'GET',
19 verbose headers   'cache-control': 'max-age=300',
19 verbose headers   'content-length': '55512710',
19 verbose headers   'accept-ranges': 'bytes',
19 verbose headers   date: 'Wed, 28 Dec 2016 23:39:34 GMT',
19 verbose headers   via: '1.1 varnish',
19 verbose headers   connection: 'keep-alive',
19 verbose headers   'x-served-by': 'cache-sjc3141-SJC',
19 verbose headers   'x-cache': 'MISS',
19 verbose headers   'x-cache-hits': '0',
19 verbose headers   'x-timer': 'S1482968374.231435,VS0,VE651',
19 verbose headers   vary: 'Accept-Encoding' }
20 verbose correctMkdir /Users/greygrissom/.npm correctMkdir not in flight; initializing
21 verbose stack RangeError: Invalid string length
21 verbose stack     at Object.stringify (native)
21 verbose stack     at /Users/greygrissom/.nodenv/versions/4.6.0/lib/node_modules/npm/lib/cache/update-index.js:96:36
21 verbose stack     at /Users/greygrissom/.nodenv/versions/4.6.0/lib/node_modules/npm/node_modules/dezalgo/dezalgo.js:17:12
21 verbose stack     at RawTask.call (/Users/greygrissom/.nodenv/versions/4.6.0/lib/node_modules/npm/node_modules/asap/asap.js:40:19)
21 verbose stack     at flush (/Users/greygrissom/.nodenv/versions/4.6.0/lib/node_modules/npm/node_modules/asap/raw.js:50:29)
21 verbose stack     at nextTickCallbackWith0Args (node.js:420:9)
21 verbose stack     at process._tickCallback (node.js:349:13)
22 verbose cwd /Users/greygrissom/Desktop/next
23 error Darwin 16.4.0
24 error argv "/Users/greygrissom/.nodenv/versions/4.6.0/bin/node" "/Users/greygrissom/.nodenv/versions/4.6.0/bin/npm" "search" "curry"
25 error node v4.6.0
26 error npm  v3.10.9
27 error Invalid string length
28 error If you need help, you may report this error at:
28 error     <https://github.com/npm/npm/issues>
29 verbose exit [ 1, true ]
